[12-May-2025 20:14:11 America/Sao_Paulo] PHP Warning:  Undefined array key "logo_empresa" in C:\xampp\htdocs\ativisoft_1_0\ativisoft_2_0\pages\md_fornecedor\listar_cliente_comercial.php on line 56
[12-May-2025 20:56:29 America/Sao_Paulo] PHP Deprecated:  strtotime(): Passing null to parameter #1 ($datetime) of type string is deprecated in C:\xampp\htdocs\ativisoft_1_0\ativisoft_2_0\classes\functions.php on line 1988
[12-May-2025 21:14:05 America/Sao_Paulo] PHP Warning:  Undefined variable $id_atividade in C:\xampp\htdocs\ativisoft_1_0\ativisoft_2_0\classes\functions.php on line 2253
[13-May-2025 13:48:02 America/Sao_Paulo] PHP Warning:  Cannot modify header information - headers already sent by (output started at C:\xampp\htdocs\ativisoft_1_0\ativisoft_2_0\pages\samples\login.php:70) in C:\xampp\htdocs\ativisoft_1_0\ativisoft_2_0\classes\conn.php on line 14
[13-May-2025 13:51:33 America/Sao_Paulo] PHP Warning:  Undefined variable $id_atividade in C:\xampp\htdocs\ativisoft_1_0\ativisoft_2_0\classes\functions.php on line 2287
[13-May-2025 13:52:39 America/Sao_Paulo] PHP Warning:  Undefined variable $id_atividade in C:\xampp\htdocs\ativisoft_1_0\ativisoft_2_0\classes\functions.php on line 2290
[13-May-2025 14:02:24 America/Sao_Paulo] PHP Warning:  Undefined array key "logo_empresa" in C:\xampp\htdocs\ativisoft_1_0\ativisoft_2_0\pages\md_fornecedor\listar_cliente_comercial.php on line 56
[13-May-2025 14:02:31 America/Sao_Paulo] PHP Warning:  Undefined array key "logo_empresa" in C:\xampp\htdocs\ativisoft_1_0\ativisoft_2_0\pages\cad_geral\cadastro_produto.php on line 30
[13-May-2025 14:02:31 America/Sao_Paulo] PHP Warning:  Undefined array key "statusCadastros" in C:\xampp\htdocs\ativisoft_1_0\ativisoft_2_0\pages\cad_geral\cadastro_produto.php on line 325
[13-May-2025 14:02:31 America/Sao_Paulo] PHP Warning:  Undefined array key "statusCadastros" in C:\xampp\htdocs\ativisoft_1_0\ativisoft_2_0\pages\cad_geral\cadastro_produto.php on line 376
[13-May-2025 14:02:31 America/Sao_Paulo] PHP Warning:  Undefined array key "statusCadastros" in C:\xampp\htdocs\ativisoft_1_0\ativisoft_2_0\pages\cad_geral\cadastro_produto.php on line 577
[13-May-2025 14:02:31 America/Sao_Paulo] PHP Warning:  Undefined array key "statusCadastros" in C:\xampp\htdocs\ativisoft_1_0\ativisoft_2_0\pages\cad_geral\cadastro_produto.php on line 819
[13-May-2025 14:02:57 America/Sao_Paulo] PHP Warning:  Undefined array key "logo_empresa" in C:\xampp\htdocs\ativisoft_1_0\ativisoft_2_0\pages\md_vendas\nova_venda.php on line 56
[13-May-2025 14:02:57 America/Sao_Paulo] PHP Warning:  Undefined array key "os_servico" in C:\xampp\htdocs\ativisoft_1_0\ativisoft_2_0\pages\md_vendas\nova_venda.php on line 1241
[13-May-2025 14:02:58 America/Sao_Paulo] PHP Warning:  Undefined array key "logo_empresa" in C:\xampp\htdocs\ativisoft_1_0\ativisoft_2_0\pages\md_vendas\historico_vendas.php on line 43
[13-May-2025 14:03:03 America/Sao_Paulo] PHP Warning:  Undefined array key "acompanha_pnome_cliente" in C:\xampp\htdocs\ativisoft_1_0\ativisoft_2_0\pages\md_assistencia\acompanha_servico.php on line 622
[13-May-2025 14:03:03 America/Sao_Paulo] PHP Warning:  Undefined array key "acompanha_tel_cliente" in C:\xampp\htdocs\ativisoft_1_0\ativisoft_2_0\pages\md_assistencia\acompanha_servico.php on line 623
[13-May-2025 14:03:03 America/Sao_Paulo] PHP Warning:  Undefined array key "count0" in C:\xampp\htdocs\ativisoft_1_0\ativisoft_2_0\pages\md_assistencia\acompanha_servico.php on line 625
[13-May-2025 14:03:03 America/Sao_Paulo] PHP Warning:  Undefined array key "count1" in C:\xampp\htdocs\ativisoft_1_0\ativisoft_2_0\pages\md_assistencia\acompanha_servico.php on line 626
[13-May-2025 14:03:03 America/Sao_Paulo] PHP Warning:  Undefined array key "count2" in C:\xampp\htdocs\ativisoft_1_0\ativisoft_2_0\pages\md_assistencia\acompanha_servico.php on line 627
[13-May-2025 14:03:03 America/Sao_Paulo] PHP Warning:  Undefined array key "count3" in C:\xampp\htdocs\ativisoft_1_0\ativisoft_2_0\pages\md_assistencia\acompanha_servico.php on line 628
[13-May-2025 14:03:03 America/Sao_Paulo] PHP Warning:  Undefined array key "acompanha_cd_cliente" in C:\xampp\htdocs\ativisoft_1_0\ativisoft_2_0\pages\md_assistencia\acompanha_servico.php on line 673
[13-May-2025 14:03:03 America/Sao_Paulo] PHP Warning:  Undefined array key "acompanha_cd_cliente" in C:\xampp\htdocs\ativisoft_1_0\ativisoft_2_0\pages\md_assistencia\acompanha_servico.php on line 702
[13-May-2025 14:03:03 America/Sao_Paulo] PHP Warning:  Undefined array key "acompanha_cd_cliente" in C:\xampp\htdocs\ativisoft_1_0\ativisoft_2_0\pages\md_assistencia\acompanha_servico.php on line 730
[13-May-2025 14:03:03 America/Sao_Paulo] PHP Warning:  Undefined array key "acompanha_cd_cliente" in C:\xampp\htdocs\ativisoft_1_0\ativisoft_2_0\pages\md_assistencia\acompanha_servico.php on line 758
[13-May-2025 14:03:03 America/Sao_Paulo] PHP Warning:  Undefined array key "contel_cliente" in C:\xampp\htdocs\ativisoft_1_0\ativisoft_2_0\pages\md_assistencia\acompanha_servico.php on line 784
[13-May-2025 14:03:03 America/Sao_Paulo] PHP Warning:  Undefined array key "count0" in C:\xampp\htdocs\ativisoft_1_0\ativisoft_2_0\pages\md_assistencia\acompanha_servico.php on line 809
[13-May-2025 14:03:03 America/Sao_Paulo] PHP Warning:  Undefined array key "count1" in C:\xampp\htdocs\ativisoft_1_0\ativisoft_2_0\pages\md_assistencia\acompanha_servico.php on line 809
[13-May-2025 14:03:03 America/Sao_Paulo] PHP Warning:  Undefined array key "count2" in C:\xampp\htdocs\ativisoft_1_0\ativisoft_2_0\pages\md_assistencia\acompanha_servico.php on line 809
[13-May-2025 14:03:03 America/Sao_Paulo] PHP Warning:  Undefined array key "count3" in C:\xampp\htdocs\ativisoft_1_0\ativisoft_2_0\pages\md_assistencia\acompanha_servico.php on line 809
[13-May-2025 14:04:40 America/Sao_Paulo] PHP Warning:  Undefined array key "acompanha_pnome_cliente" in C:\xampp\htdocs\ativisoft_1_0\ativisoft_2_0\pages\md_assistencia\acompanha_servico.php on line 622
[13-May-2025 14:04:40 America/Sao_Paulo] PHP Warning:  Undefined array key "acompanha_tel_cliente" in C:\xampp\htdocs\ativisoft_1_0\ativisoft_2_0\pages\md_assistencia\acompanha_servico.php on line 623
[13-May-2025 14:04:40 America/Sao_Paulo] PHP Warning:  Undefined array key "count0" in C:\xampp\htdocs\ativisoft_1_0\ativisoft_2_0\pages\md_assistencia\acompanha_servico.php on line 625
[13-May-2025 14:04:40 America/Sao_Paulo] PHP Warning:  Undefined array key "count1" in C:\xampp\htdocs\ativisoft_1_0\ativisoft_2_0\pages\md_assistencia\acompanha_servico.php on line 626
[13-May-2025 14:04:40 America/Sao_Paulo] PHP Warning:  Undefined array key "count2" in C:\xampp\htdocs\ativisoft_1_0\ativisoft_2_0\pages\md_assistencia\acompanha_servico.php on line 627
[13-May-2025 14:04:40 America/Sao_Paulo] PHP Warning:  Undefined array key "count3" in C:\xampp\htdocs\ativisoft_1_0\ativisoft_2_0\pages\md_assistencia\acompanha_servico.php on line 628
[13-May-2025 14:04:40 America/Sao_Paulo] PHP Warning:  Undefined array key "acompanha_cd_cliente" in C:\xampp\htdocs\ativisoft_1_0\ativisoft_2_0\pages\md_assistencia\acompanha_servico.php on line 673
[13-May-2025 14:04:40 America/Sao_Paulo] PHP Warning:  Undefined array key "acompanha_cd_cliente" in C:\xampp\htdocs\ativisoft_1_0\ativisoft_2_0\pages\md_assistencia\acompanha_servico.php on line 702
[13-May-2025 14:04:40 America/Sao_Paulo] PHP Warning:  Undefined array key "acompanha_cd_cliente" in C:\xampp\htdocs\ativisoft_1_0\ativisoft_2_0\pages\md_assistencia\acompanha_servico.php on line 730
[13-May-2025 14:04:40 America/Sao_Paulo] PHP Warning:  Undefined array key "acompanha_cd_cliente" in C:\xampp\htdocs\ativisoft_1_0\ativisoft_2_0\pages\md_assistencia\acompanha_servico.php on line 758
[13-May-2025 14:04:40 America/Sao_Paulo] PHP Warning:  Undefined array key "contel_cliente" in C:\xampp\htdocs\ativisoft_1_0\ativisoft_2_0\pages\md_assistencia\acompanha_servico.php on line 784
[13-May-2025 14:04:40 America/Sao_Paulo] PHP Warning:  Undefined array key "count0" in C:\xampp\htdocs\ativisoft_1_0\ativisoft_2_0\pages\md_assistencia\acompanha_servico.php on line 809
[13-May-2025 14:04:40 America/Sao_Paulo] PHP Warning:  Undefined array key "count1" in C:\xampp\htdocs\ativisoft_1_0\ativisoft_2_0\pages\md_assistencia\acompanha_servico.php on line 809
[13-May-2025 14:04:40 America/Sao_Paulo] PHP Warning:  Undefined array key "count2" in C:\xampp\htdocs\ativisoft_1_0\ativisoft_2_0\pages\md_assistencia\acompanha_servico.php on line 809
[13-May-2025 14:04:40 America/Sao_Paulo] PHP Warning:  Undefined array key "count3" in C:\xampp\htdocs\ativisoft_1_0\ativisoft_2_0\pages\md_assistencia\acompanha_servico.php on line 809
[13-May-2025 14:05:38 America/Sao_Paulo] PHP Warning:  Undefined array key "acompanha_pnome_cliente" in C:\xampp\htdocs\ativisoft_1_0\ativisoft_2_0\pages\md_assistencia\acompanha_servico.php on line 622
[13-May-2025 14:05:38 America/Sao_Paulo] PHP Warning:  Undefined array key "acompanha_tel_cliente" in C:\xampp\htdocs\ativisoft_1_0\ativisoft_2_0\pages\md_assistencia\acompanha_servico.php on line 623
[13-May-2025 14:05:38 America/Sao_Paulo] PHP Warning:  Undefined array key "count0" in C:\xampp\htdocs\ativisoft_1_0\ativisoft_2_0\pages\md_assistencia\acompanha_servico.php on line 625
[13-May-2025 14:05:38 America/Sao_Paulo] PHP Warning:  Undefined array key "count1" in C:\xampp\htdocs\ativisoft_1_0\ativisoft_2_0\pages\md_assistencia\acompanha_servico.php on line 626
[13-May-2025 14:05:38 America/Sao_Paulo] PHP Warning:  Undefined array key "count2" in C:\xampp\htdocs\ativisoft_1_0\ativisoft_2_0\pages\md_assistencia\acompanha_servico.php on line 627
[13-May-2025 14:05:38 America/Sao_Paulo] PHP Warning:  Undefined array key "count3" in C:\xampp\htdocs\ativisoft_1_0\ativisoft_2_0\pages\md_assistencia\acompanha_servico.php on line 628
[13-May-2025 14:05:38 America/Sao_Paulo] PHP Warning:  Undefined array key "acompanha_cd_cliente" in C:\xampp\htdocs\ativisoft_1_0\ativisoft_2_0\pages\md_assistencia\acompanha_servico.php on line 673
[13-May-2025 14:05:38 America/Sao_Paulo] PHP Warning:  Undefined array key "acompanha_cd_cliente" in C:\xampp\htdocs\ativisoft_1_0\ativisoft_2_0\pages\md_assistencia\acompanha_servico.php on line 702
[13-May-2025 14:05:38 America/Sao_Paulo] PHP Warning:  Undefined array key "acompanha_cd_cliente" in C:\xampp\htdocs\ativisoft_1_0\ativisoft_2_0\pages\md_assistencia\acompanha_servico.php on line 730
[13-May-2025 14:05:38 America/Sao_Paulo] PHP Warning:  Undefined array key "acompanha_cd_cliente" in C:\xampp\htdocs\ativisoft_1_0\ativisoft_2_0\pages\md_assistencia\acompanha_servico.php on line 758
[13-May-2025 14:05:38 America/Sao_Paulo] PHP Warning:  Undefined array key "contel_cliente" in C:\xampp\htdocs\ativisoft_1_0\ativisoft_2_0\pages\md_assistencia\acompanha_servico.php on line 784
[13-May-2025 14:05:38 America/Sao_Paulo] PHP Warning:  Undefined array key "count0" in C:\xampp\htdocs\ativisoft_1_0\ativisoft_2_0\pages\md_assistencia\acompanha_servico.php on line 809
[13-May-2025 14:05:38 America/Sao_Paulo] PHP Warning:  Undefined array key "count1" in C:\xampp\htdocs\ativisoft_1_0\ativisoft_2_0\pages\md_assistencia\acompanha_servico.php on line 809
[13-May-2025 14:05:38 America/Sao_Paulo] PHP Warning:  Undefined array key "count2" in C:\xampp\htdocs\ativisoft_1_0\ativisoft_2_0\pages\md_assistencia\acompanha_servico.php on line 809
[13-May-2025 14:05:38 America/Sao_Paulo] PHP Warning:  Undefined array key "count3" in C:\xampp\htdocs\ativisoft_1_0\ativisoft_2_0\pages\md_assistencia\acompanha_servico.php on line 809
[13-May-2025 14:05:41 America/Sao_Paulo] PHP Warning:  Undefined array key "acompanha_pnome_cliente" in C:\xampp\htdocs\ativisoft_1_0\ativisoft_2_0\pages\md_assistencia\acompanha_servico.php on line 622
[13-May-2025 14:05:41 America/Sao_Paulo] PHP Warning:  Undefined array key "acompanha_tel_cliente" in C:\xampp\htdocs\ativisoft_1_0\ativisoft_2_0\pages\md_assistencia\acompanha_servico.php on line 623
[13-May-2025 14:05:41 America/Sao_Paulo] PHP Warning:  Undefined array key "count0" in C:\xampp\htdocs\ativisoft_1_0\ativisoft_2_0\pages\md_assistencia\acompanha_servico.php on line 625
[13-May-2025 14:05:41 America/Sao_Paulo] PHP Warning:  Undefined array key "count1" in C:\xampp\htdocs\ativisoft_1_0\ativisoft_2_0\pages\md_assistencia\acompanha_servico.php on line 626
[13-May-2025 14:05:41 America/Sao_Paulo] PHP Warning:  Undefined array key "count2" in C:\xampp\htdocs\ativisoft_1_0\ativisoft_2_0\pages\md_assistencia\acompanha_servico.php on line 627
[13-May-2025 14:05:41 America/Sao_Paulo] PHP Warning:  Undefined array key "count3" in C:\xampp\htdocs\ativisoft_1_0\ativisoft_2_0\pages\md_assistencia\acompanha_servico.php on line 628
[13-May-2025 14:05:41 America/Sao_Paulo] PHP Warning:  Undefined array key "acompanha_cd_cliente" in C:\xampp\htdocs\ativisoft_1_0\ativisoft_2_0\pages\md_assistencia\acompanha_servico.php on line 673
[13-May-2025 14:05:41 America/Sao_Paulo] PHP Warning:  Undefined array key "acompanha_cd_cliente" in C:\xampp\htdocs\ativisoft_1_0\ativisoft_2_0\pages\md_assistencia\acompanha_servico.php on line 702
[13-May-2025 14:05:41 America/Sao_Paulo] PHP Warning:  Undefined array key "acompanha_cd_cliente" in C:\xampp\htdocs\ativisoft_1_0\ativisoft_2_0\pages\md_assistencia\acompanha_servico.php on line 730
[13-May-2025 14:05:41 America/Sao_Paulo] PHP Warning:  Undefined array key "acompanha_cd_cliente" in C:\xampp\htdocs\ativisoft_1_0\ativisoft_2_0\pages\md_assistencia\acompanha_servico.php on line 758
[13-May-2025 14:05:41 America/Sao_Paulo] PHP Warning:  Undefined array key "contel_cliente" in C:\xampp\htdocs\ativisoft_1_0\ativisoft_2_0\pages\md_assistencia\acompanha_servico.php on line 784
[13-May-2025 14:05:41 America/Sao_Paulo] PHP Warning:  Undefined array key "count0" in C:\xampp\htdocs\ativisoft_1_0\ativisoft_2_0\pages\md_assistencia\acompanha_servico.php on line 809
[13-May-2025 14:05:41 America/Sao_Paulo] PHP Warning:  Undefined array key "count1" in C:\xampp\htdocs\ativisoft_1_0\ativisoft_2_0\pages\md_assistencia\acompanha_servico.php on line 809
[13-May-2025 14:05:41 America/Sao_Paulo] PHP Warning:  Undefined array key "count2" in C:\xampp\htdocs\ativisoft_1_0\ativisoft_2_0\pages\md_assistencia\acompanha_servico.php on line 809
[13-May-2025 14:05:41 America/Sao_Paulo] PHP Warning:  Undefined array key "count3" in C:\xampp\htdocs\ativisoft_1_0\ativisoft_2_0\pages\md_assistencia\acompanha_servico.php on line 809
[13-May-2025 14:05:43 America/Sao_Paulo] PHP Warning:  Cannot modify header information - headers already sent by (output started at C:\xampp\htdocs\ativisoft_1_0\ativisoft_2_0\pages\samples\login.php:70) in C:\xampp\htdocs\ativisoft_1_0\ativisoft_2_0\classes\conn.php on line 14
[13-May-2025 14:11:39 America/Sao_Paulo] PHP Warning:  Cannot modify header information - headers already sent by (output started at C:\xampp\htdocs\ativisoft_1_0\ativisoft_2_0\pages\samples\login.php:70) in C:\xampp\htdocs\ativisoft_1_0\ativisoft_2_0\classes\conn.php on line 14
[13-May-2025 14:53:14 America/Sao_Paulo] PHP Warning:  Undefined array key "acompanha_pnome_cliente" in C:\xampp\htdocs\ativisoft_1_0\ativisoft_2_0\pages\md_assistencia\acompanha_servico.php on line 622
[13-May-2025 14:53:14 America/Sao_Paulo] PHP Warning:  Undefined array key "acompanha_tel_cliente" in C:\xampp\htdocs\ativisoft_1_0\ativisoft_2_0\pages\md_assistencia\acompanha_servico.php on line 623
[13-May-2025 14:53:14 America/Sao_Paulo] PHP Warning:  Undefined array key "count0" in C:\xampp\htdocs\ativisoft_1_0\ativisoft_2_0\pages\md_assistencia\acompanha_servico.php on line 625
[13-May-2025 14:53:14 America/Sao_Paulo] PHP Warning:  Undefined array key "count1" in C:\xampp\htdocs\ativisoft_1_0\ativisoft_2_0\pages\md_assistencia\acompanha_servico.php on line 626
[13-May-2025 14:53:14 America/Sao_Paulo] PHP Warning:  Undefined array key "count2" in C:\xampp\htdocs\ativisoft_1_0\ativisoft_2_0\pages\md_assistencia\acompanha_servico.php on line 627
[13-May-2025 14:53:14 America/Sao_Paulo] PHP Warning:  Undefined array key "count3" in C:\xampp\htdocs\ativisoft_1_0\ativisoft_2_0\pages\md_assistencia\acompanha_servico.php on line 628
[13-May-2025 14:53:14 America/Sao_Paulo] PHP Warning:  Undefined array key "acompanha_cd_cliente" in C:\xampp\htdocs\ativisoft_1_0\ativisoft_2_0\pages\md_assistencia\acompanha_servico.php on line 673
[13-May-2025 14:53:14 America/Sao_Paulo] PHP Warning:  Undefined array key "acompanha_cd_cliente" in C:\xampp\htdocs\ativisoft_1_0\ativisoft_2_0\pages\md_assistencia\acompanha_servico.php on line 702
[13-May-2025 14:53:14 America/Sao_Paulo] PHP Warning:  Undefined array key "acompanha_cd_cliente" in C:\xampp\htdocs\ativisoft_1_0\ativisoft_2_0\pages\md_assistencia\acompanha_servico.php on line 730
[13-May-2025 14:53:14 America/Sao_Paulo] PHP Warning:  Undefined array key "acompanha_cd_cliente" in C:\xampp\htdocs\ativisoft_1_0\ativisoft_2_0\pages\md_assistencia\acompanha_servico.php on line 758
[13-May-2025 14:53:14 America/Sao_Paulo] PHP Warning:  Undefined array key "contel_cliente" in C:\xampp\htdocs\ativisoft_1_0\ativisoft_2_0\pages\md_assistencia\acompanha_servico.php on line 784
[13-May-2025 14:53:14 America/Sao_Paulo] PHP Warning:  Undefined array key "count0" in C:\xampp\htdocs\ativisoft_1_0\ativisoft_2_0\pages\md_assistencia\acompanha_servico.php on line 809
[13-May-2025 14:53:14 America/Sao_Paulo] PHP Warning:  Undefined array key "count1" in C:\xampp\htdocs\ativisoft_1_0\ativisoft_2_0\pages\md_assistencia\acompanha_servico.php on line 809
[13-May-2025 14:53:14 America/Sao_Paulo] PHP Warning:  Undefined array key "count2" in C:\xampp\htdocs\ativisoft_1_0\ativisoft_2_0\pages\md_assistencia\acompanha_servico.php on line 809
[13-May-2025 14:53:14 America/Sao_Paulo] PHP Warning:  Undefined array key "count3" in C:\xampp\htdocs\ativisoft_1_0\ativisoft_2_0\pages\md_assistencia\acompanha_servico.php on line 809
[13-May-2025 14:54:38 America/Sao_Paulo] PHP Warning:  Undefined array key "logo_empresa" in C:\xampp\htdocs\ativisoft_1_0\ativisoft_2_0\pages\md_fornecedor\listar_cliente_comercial.php on line 56
[13-May-2025 14:55:08 America/Sao_Paulo] PHP Warning:  Undefined array key "logo_empresa" in C:\xampp\htdocs\ativisoft_1_0\ativisoft_2_0\pages\md_fornecedor\listar_cliente_comercial.php on line 56
[13-May-2025 14:55:11 America/Sao_Paulo] PHP Warning:  Undefined array key "logo_empresa" in C:\xampp\htdocs\ativisoft_1_0\ativisoft_2_0\pages\md_fornecedor\cadastrar_cliente_comercial.php on line 34
[13-May-2025 14:55:11 America/Sao_Paulo] PHP Warning:  Undefined array key "concnpj_cliente_comercial" in C:\xampp\htdocs\ativisoft_1_0\ativisoft_2_0\pages\md_fornecedor\cadastrar_cliente_comercial.php on line 313
[13-May-2025 14:55:11 America/Sao_Paulo] PHP Warning:  Undefined array key "os_servico" in C:\xampp\htdocs\ativisoft_1_0\ativisoft_2_0\pages\md_fornecedor\cadastrar_cliente_comercial.php on line 736
[13-May-2025 14:55:11 America/Sao_Paulo] PHP Fatal error:  Uncaught mysqli_sql_exception: Table 'assistent_master.tb_contrato_servico' doesn't exist in C:\xampp\htdocs\ativisoft_1_0\ativisoft_2_0\pages\md_fornecedor\cadastrar_cliente_comercial.php:737
Stack trace:
#0 C:\xampp\htdocs\ativisoft_1_0\ativisoft_2_0\pages\md_fornecedor\cadastrar_cliente_comercial.php(737): mysqli_query(Object(mysqli), 'SELECT * FROM t...')
#1 {main}
  thrown in C:\xampp\htdocs\ativisoft_1_0\ativisoft_2_0\pages\md_fornecedor\cadastrar_cliente_comercial.php on line 737
[13-May-2025 14:57:25 America/Sao_Paulo] PHP Warning:  Undefined array key "logo_empresa" in C:\xampp\htdocs\ativisoft_1_0\ativisoft_2_0\pages\md_fornecedor\listar_cliente_comercial.php on line 56
[13-May-2025 14:57:27 America/Sao_Paulo] PHP Warning:  Undefined array key "logo_empresa" in C:\xampp\htdocs\ativisoft_1_0\ativisoft_2_0\pages\md_fornecedor\consultar_cliente_comercial.php on line 31
[13-May-2025 14:57:27 America/Sao_Paulo] PHP Warning:  Undefined array key "cd_cliente" in C:\xampp\htdocs\ativisoft_1_0\ativisoft_2_0\pages\md_fornecedor\consultar_cliente_comercial.php on line 281
[13-May-2025 14:57:27 America/Sao_Paulo] PHP Warning:  Undefined array key "pnome_cliente" in C:\xampp\htdocs\ativisoft_1_0\ativisoft_2_0\pages\md_fornecedor\consultar_cliente_comercial.php on line 283
[13-May-2025 14:57:27 America/Sao_Paulo] PHP Warning:  Undefined array key "snome_cliente" in C:\xampp\htdocs\ativisoft_1_0\ativisoft_2_0\pages\md_fornecedor\consultar_cliente_comercial.php on line 285
[13-May-2025 14:57:27 America/Sao_Paulo] PHP Warning:  Undefined array key "tel_cliente" in C:\xampp\htdocs\ativisoft_1_0\ativisoft_2_0\pages\md_fornecedor\consultar_cliente_comercial.php on line 287
[13-May-2025 14:57:27 America/Sao_Paulo] PHP Warning:  Undefined array key "cd_cliente" in C:\xampp\htdocs\ativisoft_1_0\ativisoft_2_0\pages\md_fornecedor\consultar_cliente_comercial.php on line 288
[13-May-2025 14:57:27 America/Sao_Paulo] PHP Warning:  Undefined array key "pnome_cliente" in C:\xampp\htdocs\ativisoft_1_0\ativisoft_2_0\pages\md_fornecedor\consultar_cliente_comercial.php on line 289
[13-May-2025 14:57:27 America/Sao_Paulo] PHP Warning:  Undefined array key "snome_cliente" in C:\xampp\htdocs\ativisoft_1_0\ativisoft_2_0\pages\md_fornecedor\consultar_cliente_comercial.php on line 290
[13-May-2025 14:57:27 America/Sao_Paulo] PHP Warning:  Undefined array key "tel_cliente" in C:\xampp\htdocs\ativisoft_1_0\ativisoft_2_0\pages\md_fornecedor\consultar_cliente_comercial.php on line 291
[13-May-2025 14:57:27 America/Sao_Paulo] PHP Warning:  Undefined array key "obs_con_servico" in C:\xampp\htdocs\ativisoft_1_0\ativisoft_2_0\pages\md_fornecedor\consultar_cliente_comercial.php on line 296
[13-May-2025 14:57:27 America/Sao_Paulo] PHP Warning:  Undefined array key "prioridade_servico" in C:\xampp\htdocs\ativisoft_1_0\ativisoft_2_0\pages\md_fornecedor\consultar_cliente_comercial.php on line 299
[13-May-2025 14:57:27 America/Sao_Paulo] PHP Warning:  Undefined array key "prioridade_servico" in C:\xampp\htdocs\ativisoft_1_0\ativisoft_2_0\pages\md_fornecedor\consultar_cliente_comercial.php on line 299
[13-May-2025 14:57:27 America/Sao_Paulo] PHP Warning:  Undefined array key "entrada_servico" in C:\xampp\htdocs\ativisoft_1_0\ativisoft_2_0\pages\md_fornecedor\consultar_cliente_comercial.php on line 302
[13-May-2025 14:57:27 America/Sao_Paulo] PHP Warning:  Undefined array key "prazo_servico" in C:\xampp\htdocs\ativisoft_1_0\ativisoft_2_0\pages\md_fornecedor\consultar_cliente_comercial.php on line 304
[13-May-2025 14:57:27 America/Sao_Paulo] PHP Warning:  Undefined array key "obs_con_servico" in C:\xampp\htdocs\ativisoft_1_0\ativisoft_2_0\pages\md_fornecedor\consultar_cliente_comercial.php on line 308
[13-May-2025 14:57:27 America/Sao_Paulo] PHP Warning:  Undefined array key "prioridade_servico" in C:\xampp\htdocs\ativisoft_1_0\ativisoft_2_0\pages\md_fornecedor\consultar_cliente_comercial.php on line 309
[13-May-2025 14:57:27 America/Sao_Paulo] PHP Warning:  Undefined array key "entrada_servico" in C:\xampp\htdocs\ativisoft_1_0\ativisoft_2_0\pages\md_fornecedor\consultar_cliente_comercial.php on line 310
[13-May-2025 14:57:27 America/Sao_Paulo] PHP Warning:  Undefined array key "prazo_servico" in C:\xampp\htdocs\ativisoft_1_0\ativisoft_2_0\pages\md_fornecedor\consultar_cliente_comercial.php on line 311
[13-May-2025 14:57:27 America/Sao_Paulo] PHP Warning:  Undefined array key "vpag_servico" in C:\xampp\htdocs\ativisoft_1_0\ativisoft_2_0\pages\md_fornecedor\consultar_cliente_comercial.php on line 316
[13-May-2025 20:14:49 America/Sao_Paulo] PHP Warning:  Cannot modify header information - headers already sent by (output started at C:\xampp\htdocs\ativisoft_1_0\ativisoft_2_0\pages\samples\login.php:70) in C:\xampp\htdocs\ativisoft_1_0\ativisoft_2_0\classes\conn.php on line 14
[13-May-2025 20:15:26 America/Sao_Paulo] PHP Warning:  Undefined array key "acompanha_pnome_cliente" in C:\xampp\htdocs\ativisoft_1_0\ativisoft_2_0\pages\md_assistencia\acompanha_servico.php on line 622
[13-May-2025 20:15:26 America/Sao_Paulo] PHP Warning:  Undefined array key "acompanha_tel_cliente" in C:\xampp\htdocs\ativisoft_1_0\ativisoft_2_0\pages\md_assistencia\acompanha_servico.php on line 623
[13-May-2025 20:15:26 America/Sao_Paulo] PHP Warning:  Undefined array key "count0" in C:\xampp\htdocs\ativisoft_1_0\ativisoft_2_0\pages\md_assistencia\acompanha_servico.php on line 625
[13-May-2025 20:15:26 America/Sao_Paulo] PHP Warning:  Undefined array key "count1" in C:\xampp\htdocs\ativisoft_1_0\ativisoft_2_0\pages\md_assistencia\acompanha_servico.php on line 626
[13-May-2025 20:15:26 America/Sao_Paulo] PHP Warning:  Undefined array key "count2" in C:\xampp\htdocs\ativisoft_1_0\ativisoft_2_0\pages\md_assistencia\acompanha_servico.php on line 627
[13-May-2025 20:15:26 America/Sao_Paulo] PHP Warning:  Undefined array key "count3" in C:\xampp\htdocs\ativisoft_1_0\ativisoft_2_0\pages\md_assistencia\acompanha_servico.php on line 628
[13-May-2025 20:15:26 America/Sao_Paulo] PHP Warning:  Undefined array key "acompanha_cd_cliente" in C:\xampp\htdocs\ativisoft_1_0\ativisoft_2_0\pages\md_assistencia\acompanha_servico.php on line 673
[13-May-2025 20:15:26 America/Sao_Paulo] PHP Warning:  Undefined array key "acompanha_cd_cliente" in C:\xampp\htdocs\ativisoft_1_0\ativisoft_2_0\pages\md_assistencia\acompanha_servico.php on line 702
[13-May-2025 20:15:26 America/Sao_Paulo] PHP Warning:  Undefined array key "acompanha_cd_cliente" in C:\xampp\htdocs\ativisoft_1_0\ativisoft_2_0\pages\md_assistencia\acompanha_servico.php on line 730
[13-May-2025 20:15:26 America/Sao_Paulo] PHP Warning:  Undefined array key "acompanha_cd_cliente" in C:\xampp\htdocs\ativisoft_1_0\ativisoft_2_0\pages\md_assistencia\acompanha_servico.php on line 758
[13-May-2025 20:15:26 America/Sao_Paulo] PHP Warning:  Undefined array key "contel_cliente" in C:\xampp\htdocs\ativisoft_1_0\ativisoft_2_0\pages\md_assistencia\acompanha_servico.php on line 784
[13-May-2025 20:15:26 America/Sao_Paulo] PHP Warning:  Undefined array key "count0" in C:\xampp\htdocs\ativisoft_1_0\ativisoft_2_0\pages\md_assistencia\acompanha_servico.php on line 809
[13-May-2025 20:15:26 America/Sao_Paulo] PHP Warning:  Undefined array key "count1" in C:\xampp\htdocs\ativisoft_1_0\ativisoft_2_0\pages\md_assistencia\acompanha_servico.php on line 809
[13-May-2025 20:15:26 America/Sao_Paulo] PHP Warning:  Undefined array key "count2" in C:\xampp\htdocs\ativisoft_1_0\ativisoft_2_0\pages\md_assistencia\acompanha_servico.php on line 809
[13-May-2025 20:15:26 America/Sao_Paulo] PHP Warning:  Undefined array key "count3" in C:\xampp\htdocs\ativisoft_1_0\ativisoft_2_0\pages\md_assistencia\acompanha_servico.php on line 809
[13-May-2025 20:15:28 America/Sao_Paulo] PHP Warning:  Undefined array key "acompanha_pnome_cliente" in C:\xampp\htdocs\ativisoft_1_0\ativisoft_2_0\pages\md_assistencia\acompanha_servico.php on line 622
[13-May-2025 20:15:28 America/Sao_Paulo] PHP Warning:  Undefined array key "acompanha_tel_cliente" in C:\xampp\htdocs\ativisoft_1_0\ativisoft_2_0\pages\md_assistencia\acompanha_servico.php on line 623
[13-May-2025 20:15:28 America/Sao_Paulo] PHP Warning:  Undefined array key "count0" in C:\xampp\htdocs\ativisoft_1_0\ativisoft_2_0\pages\md_assistencia\acompanha_servico.php on line 625
[13-May-2025 20:15:28 America/Sao_Paulo] PHP Warning:  Undefined array key "count1" in C:\xampp\htdocs\ativisoft_1_0\ativisoft_2_0\pages\md_assistencia\acompanha_servico.php on line 626
[13-May-2025 20:15:28 America/Sao_Paulo] PHP Warning:  Undefined array key "count2" in C:\xampp\htdocs\ativisoft_1_0\ativisoft_2_0\pages\md_assistencia\acompanha_servico.php on line 627
[13-May-2025 20:15:28 America/Sao_Paulo] PHP Warning:  Undefined array key "count3" in C:\xampp\htdocs\ativisoft_1_0\ativisoft_2_0\pages\md_assistencia\acompanha_servico.php on line 628
[13-May-2025 20:15:28 America/Sao_Paulo] PHP Warning:  Undefined array key "acompanha_cd_cliente" in C:\xampp\htdocs\ativisoft_1_0\ativisoft_2_0\pages\md_assistencia\acompanha_servico.php on line 673
[13-May-2025 20:15:28 America/Sao_Paulo] PHP Warning:  Undefined array key "acompanha_cd_cliente" in C:\xampp\htdocs\ativisoft_1_0\ativisoft_2_0\pages\md_assistencia\acompanha_servico.php on line 702
[13-May-2025 20:15:28 America/Sao_Paulo] PHP Warning:  Undefined array key "acompanha_cd_cliente" in C:\xampp\htdocs\ativisoft_1_0\ativisoft_2_0\pages\md_assistencia\acompanha_servico.php on line 730
[13-May-2025 20:15:28 America/Sao_Paulo] PHP Warning:  Undefined array key "acompanha_cd_cliente" in C:\xampp\htdocs\ativisoft_1_0\ativisoft_2_0\pages\md_assistencia\acompanha_servico.php on line 758
[13-May-2025 20:15:28 America/Sao_Paulo] PHP Warning:  Undefined array key "contel_cliente" in C:\xampp\htdocs\ativisoft_1_0\ativisoft_2_0\pages\md_assistencia\acompanha_servico.php on line 784
[13-May-2025 20:15:28 America/Sao_Paulo] PHP Warning:  Undefined array key "count0" in C:\xampp\htdocs\ativisoft_1_0\ativisoft_2_0\pages\md_assistencia\acompanha_servico.php on line 809
[13-May-2025 20:15:28 America/Sao_Paulo] PHP Warning:  Undefined array key "count1" in C:\xampp\htdocs\ativisoft_1_0\ativisoft_2_0\pages\md_assistencia\acompanha_servico.php on line 809
[13-May-2025 20:15:28 America/Sao_Paulo] PHP Warning:  Undefined array key "count2" in C:\xampp\htdocs\ativisoft_1_0\ativisoft_2_0\pages\md_assistencia\acompanha_servico.php on line 809
[13-May-2025 20:15:28 America/Sao_Paulo] PHP Warning:  Undefined array key "count3" in C:\xampp\htdocs\ativisoft_1_0\ativisoft_2_0\pages\md_assistencia\acompanha_servico.php on line 809
[13-May-2025 20:15:33 America/Sao_Paulo] PHP Warning:  Undefined array key "acompanha_pnome_cliente" in C:\xampp\htdocs\ativisoft_1_0\ativisoft_2_0\pages\md_assistencia\acompanha_servico.php on line 622
[13-May-2025 20:15:33 America/Sao_Paulo] PHP Warning:  Undefined array key "acompanha_tel_cliente" in C:\xampp\htdocs\ativisoft_1_0\ativisoft_2_0\pages\md_assistencia\acompanha_servico.php on line 623
[13-May-2025 20:15:33 America/Sao_Paulo] PHP Warning:  Undefined array key "count0" in C:\xampp\htdocs\ativisoft_1_0\ativisoft_2_0\pages\md_assistencia\acompanha_servico.php on line 625
[13-May-2025 20:15:33 America/Sao_Paulo] PHP Warning:  Undefined array key "count1" in C:\xampp\htdocs\ativisoft_1_0\ativisoft_2_0\pages\md_assistencia\acompanha_servico.php on line 626
[13-May-2025 20:15:33 America/Sao_Paulo] PHP Warning:  Undefined array key "count2" in C:\xampp\htdocs\ativisoft_1_0\ativisoft_2_0\pages\md_assistencia\acompanha_servico.php on line 627
[13-May-2025 20:15:33 America/Sao_Paulo] PHP Warning:  Undefined array key "count3" in C:\xampp\htdocs\ativisoft_1_0\ativisoft_2_0\pages\md_assistencia\acompanha_servico.php on line 628
[13-May-2025 20:15:33 America/Sao_Paulo] PHP Warning:  Undefined array key "acompanha_cd_cliente" in C:\xampp\htdocs\ativisoft_1_0\ativisoft_2_0\pages\md_assistencia\acompanha_servico.php on line 673
[13-May-2025 20:15:33 America/Sao_Paulo] PHP Warning:  Undefined array key "acompanha_cd_cliente" in C:\xampp\htdocs\ativisoft_1_0\ativisoft_2_0\pages\md_assistencia\acompanha_servico.php on line 702
[13-May-2025 20:15:33 America/Sao_Paulo] PHP Warning:  Undefined array key "acompanha_cd_cliente" in C:\xampp\htdocs\ativisoft_1_0\ativisoft_2_0\pages\md_assistencia\acompanha_servico.php on line 730
[13-May-2025 20:15:33 America/Sao_Paulo] PHP Warning:  Undefined array key "acompanha_cd_cliente" in C:\xampp\htdocs\ativisoft_1_0\ativisoft_2_0\pages\md_assistencia\acompanha_servico.php on line 758
[13-May-2025 20:15:33 America/Sao_Paulo] PHP Warning:  Undefined array key "contel_cliente" in C:\xampp\htdocs\ativisoft_1_0\ativisoft_2_0\pages\md_assistencia\acompanha_servico.php on line 784
[13-May-2025 20:15:33 America/Sao_Paulo] PHP Warning:  Undefined array key "count0" in C:\xampp\htdocs\ativisoft_1_0\ativisoft_2_0\pages\md_assistencia\acompanha_servico.php on line 809
[13-May-2025 20:15:33 America/Sao_Paulo] PHP Warning:  Undefined array key "count1" in C:\xampp\htdocs\ativisoft_1_0\ativisoft_2_0\pages\md_assistencia\acompanha_servico.php on line 809
[13-May-2025 20:15:33 America/Sao_Paulo] PHP Warning:  Undefined array key "count2" in C:\xampp\htdocs\ativisoft_1_0\ativisoft_2_0\pages\md_assistencia\acompanha_servico.php on line 809
[13-May-2025 20:15:33 America/Sao_Paulo] PHP Warning:  Undefined array key "count3" in C:\xampp\htdocs\ativisoft_1_0\ativisoft_2_0\pages\md_assistencia\acompanha_servico.php on line 809
[13-May-2025 20:15:38 America/Sao_Paulo] PHP Warning:  Undefined array key "acompanha_pnome_cliente" in C:\xampp\htdocs\ativisoft_1_0\ativisoft_2_0\pages\md_assistencia\acompanha_servico.php on line 622
[13-May-2025 20:15:38 America/Sao_Paulo] PHP Warning:  Undefined array key "acompanha_tel_cliente" in C:\xampp\htdocs\ativisoft_1_0\ativisoft_2_0\pages\md_assistencia\acompanha_servico.php on line 623
[13-May-2025 20:15:38 America/Sao_Paulo] PHP Warning:  Undefined array key "count0" in C:\xampp\htdocs\ativisoft_1_0\ativisoft_2_0\pages\md_assistencia\acompanha_servico.php on line 625
[13-May-2025 20:15:38 America/Sao_Paulo] PHP Warning:  Undefined array key "count1" in C:\xampp\htdocs\ativisoft_1_0\ativisoft_2_0\pages\md_assistencia\acompanha_servico.php on line 626
[13-May-2025 20:15:38 America/Sao_Paulo] PHP Warning:  Undefined array key "count2" in C:\xampp\htdocs\ativisoft_1_0\ativisoft_2_0\pages\md_assistencia\acompanha_servico.php on line 627
[13-May-2025 20:15:38 America/Sao_Paulo] PHP Warning:  Undefined array key "count3" in C:\xampp\htdocs\ativisoft_1_0\ativisoft_2_0\pages\md_assistencia\acompanha_servico.php on line 628
[13-May-2025 20:15:38 America/Sao_Paulo] PHP Warning:  Undefined array key "acompanha_cd_cliente" in C:\xampp\htdocs\ativisoft_1_0\ativisoft_2_0\pages\md_assistencia\acompanha_servico.php on line 673
[13-May-2025 20:15:38 America/Sao_Paulo] PHP Warning:  Undefined array key "acompanha_cd_cliente" in C:\xampp\htdocs\ativisoft_1_0\ativisoft_2_0\pages\md_assistencia\acompanha_servico.php on line 702
[13-May-2025 20:15:38 America/Sao_Paulo] PHP Warning:  Undefined array key "acompanha_cd_cliente" in C:\xampp\htdocs\ativisoft_1_0\ativisoft_2_0\pages\md_assistencia\acompanha_servico.php on line 730
[13-May-2025 20:15:38 America/Sao_Paulo] PHP Warning:  Undefined array key "acompanha_cd_cliente" in C:\xampp\htdocs\ativisoft_1_0\ativisoft_2_0\pages\md_assistencia\acompanha_servico.php on line 758
[13-May-2025 20:15:38 America/Sao_Paulo] PHP Warning:  Undefined array key "contel_cliente" in C:\xampp\htdocs\ativisoft_1_0\ativisoft_2_0\pages\md_assistencia\acompanha_servico.php on line 784
[13-May-2025 20:15:38 America/Sao_Paulo] PHP Warning:  Undefined array key "count0" in C:\xampp\htdocs\ativisoft_1_0\ativisoft_2_0\pages\md_assistencia\acompanha_servico.php on line 809
[13-May-2025 20:15:38 America/Sao_Paulo] PHP Warning:  Undefined array key "count1" in C:\xampp\htdocs\ativisoft_1_0\ativisoft_2_0\pages\md_assistencia\acompanha_servico.php on line 809
[13-May-2025 20:15:38 America/Sao_Paulo] PHP Warning:  Undefined array key "count2" in C:\xampp\htdocs\ativisoft_1_0\ativisoft_2_0\pages\md_assistencia\acompanha_servico.php on line 809
[13-May-2025 20:15:38 America/Sao_Paulo] PHP Warning:  Undefined array key "count3" in C:\xampp\htdocs\ativisoft_1_0\ativisoft_2_0\pages\md_assistencia\acompanha_servico.php on line 809
[14-May-2025 17:40:22 America/Sao_Paulo] PHP Warning:  Cannot modify header information - headers already sent by (output started at C:\xampp\htdocs\ativisoft_1_0\ativisoft_2_0\pages\samples\login.php:70) in C:\xampp\htdocs\ativisoft_1_0\ativisoft_2_0\classes\conn.php on line 14
[14-May-2025 17:44:54 America/Sao_Paulo] PHP Warning:  Undefined array key "vtotal_orcamento" in C:\xampp\htdocs\ativisoft_1_0\ativisoft_2_0\pages\md_caixa\movimento_financeiro.php on line 361
[14-May-2025 17:51:19 America/Sao_Paulo] PHP Warning:  Undefined array key "vtotal_orcamento" in C:\xampp\htdocs\ativisoft_1_0\ativisoft_2_0\pages\md_caixa\movimento_financeiro.php on line 361
[14-May-2025 17:53:44 America/Sao_Paulo] PHP Warning:  Undefined array key "vtotal_orcamento" in C:\xampp\htdocs\ativisoft_1_0\ativisoft_2_0\pages\md_caixa\movimento_financeiro.php on line 361
[14-May-2025 17:55:28 America/Sao_Paulo] PHP Warning:  Undefined array key "vtotal_orcamento" in C:\xampp\htdocs\ativisoft_1_0\ativisoft_2_0\pages\md_caixa\movimento_financeiro.php on line 361
[14-May-2025 17:56:59 America/Sao_Paulo] PHP Warning:  Undefined array key "vtotal_orcamento" in C:\xampp\htdocs\ativisoft_1_0\ativisoft_2_0\pages\md_caixa\movimento_financeiro.php on line 361
[14-May-2025 17:57:26 America/Sao_Paulo] PHP Warning:  Undefined array key "vtotal_orcamento" in C:\xampp\htdocs\ativisoft_1_0\ativisoft_2_0\pages\md_caixa\movimento_financeiro.php on line 361
[14-May-2025 17:57:40 America/Sao_Paulo] PHP Warning:  Undefined array key "cd_pais" in C:\xampp\htdocs\ativisoft_1_0\ativisoft_2_0\pages\cad_geral\consulta_cliente.php on line 346
[14-May-2025 17:57:48 America/Sao_Paulo] PHP Warning:  Undefined array key "vtotal_orcamento" in C:\xampp\htdocs\ativisoft_1_0\ativisoft_2_0\pages\md_caixa\movimento_financeiro.php on line 361
[14-May-2025 17:58:27 America/Sao_Paulo] PHP Warning:  Undefined array key "vtotal_orcamento" in C:\xampp\htdocs\ativisoft_1_0\ativisoft_2_0\pages\md_caixa\movimento_financeiro.php on line 361
[14-May-2025 18:44:09 America/Sao_Paulo] PHP Warning:  Undefined property: Usuario::$ in C:\xampp\htdocs\ativisoft_1_0\ativisoft_2_0\pages\samples\lock-screen.php on line 79
[14-May-2025 18:44:11 America/Sao_Paulo] PHP Warning:  Cannot modify header information - headers already sent by (output started at C:\xampp\htdocs\ativisoft_1_0\ativisoft_2_0\pages\samples\login.php:70) in C:\xampp\htdocs\ativisoft_1_0\ativisoft_2_0\classes\conn.php on line 14
[14-May-2025 18:44:17 America/Sao_Paulo] PHP Warning:  Undefined array key "vtotal_orcamento" in C:\xampp\htdocs\ativisoft_1_0\ativisoft_2_0\pages\md_caixa\movimento_financeiro.php on line 361
[14-May-2025 18:44:26 America/Sao_Paulo] PHP Warning:  Undefined array key "vtotal_orcamento" in C:\xampp\htdocs\ativisoft_1_0\ativisoft_2_0\pages\md_caixa\movimento_financeiro.php on line 361
[14-May-2025 18:44:40 America/Sao_Paulo] PHP Warning:  Undefined array key "vtotal_orcamento" in C:\xampp\htdocs\ativisoft_1_0\ativisoft_2_0\pages\md_caixa\movimento_financeiro.php on line 361
[14-May-2025 18:44:53 America/Sao_Paulo] PHP Warning:  Undefined array key "vtotal_orcamento" in C:\xampp\htdocs\ativisoft_1_0\ativisoft_2_0\pages\md_caixa\movimento_financeiro.php on line 361
[14-May-2025 18:45:18 America/Sao_Paulo] PHP Warning:  Undefined array key "vtotal_orcamento" in C:\xampp\htdocs\ativisoft_1_0\ativisoft_2_0\pages\md_caixa\movimento_financeiro.php on line 361
[14-May-2025 18:49:25 America/Sao_Paulo] PHP Warning:  Undefined array key "vtotal_orcamento" in C:\xampp\htdocs\ativisoft_1_0\ativisoft_2_0\pages\md_caixa\movimento_financeiro.php on line 361
[14-May-2025 18:49:37 America/Sao_Paulo] PHP Warning:  Undefined array key "vtotal_orcamento" in C:\xampp\htdocs\ativisoft_1_0\ativisoft_2_0\pages\md_caixa\movimento_financeiro.php on line 361
[14-May-2025 19:28:45 America/Sao_Paulo] PHP Warning:  Undefined property: Usuario::$ in C:\xampp\htdocs\ativisoft_1_0\ativisoft_2_0\pages\samples\lock-screen.php on line 79
[14-May-2025 19:29:06 America/Sao_Paulo] PHP Warning:  Cannot modify header information - headers already sent by (output started at C:\xampp\htdocs\ativisoft_1_0\ativisoft_2_0\pages\samples\login.php:70) in C:\xampp\htdocs\ativisoft_1_0\ativisoft_2_0\classes\conn.php on line 14
[14-May-2025 19:29:15 America/Sao_Paulo] PHP Warning:  Undefined array key "vtotal_orcamento" in C:\xampp\htdocs\ativisoft_1_0\ativisoft_2_0\pages\md_caixa\movimento_financeiro.php on line 361
[14-May-2025 19:30:40 America/Sao_Paulo] PHP Warning:  Undefined array key "vtotal_orcamento" in C:\xampp\htdocs\ativisoft_1_0\ativisoft_2_0\pages\md_caixa\movimento_financeiro.php on line 361
[14-May-2025 19:30:52 America/Sao_Paulo] PHP Warning:  Undefined array key "vtotal_orcamento" in C:\xampp\htdocs\ativisoft_1_0\ativisoft_2_0\pages\md_caixa\movimento_financeiro.php on line 361
[14-May-2025 19:31:03 America/Sao_Paulo] PHP Warning:  Undefined array key "vtotal_orcamento" in C:\xampp\htdocs\ativisoft_1_0\ativisoft_2_0\pages\md_caixa\movimento_financeiro.php on line 361
[14-May-2025 19:31:44 America/Sao_Paulo] PHP Warning:  Undefined array key "vtotal_orcamento" in C:\xampp\htdocs\ativisoft_1_0\ativisoft_2_0\pages\md_caixa\movimento_financeiro.php on line 361
[14-May-2025 19:31:50 America/Sao_Paulo] PHP Warning:  Undefined array key "vtotal_orcamento" in C:\xampp\htdocs\ativisoft_1_0\ativisoft_2_0\pages\md_caixa\movimento_financeiro.php on line 361
[14-May-2025 19:32:03 America/Sao_Paulo] PHP Warning:  Undefined array key "vtotal_orcamento" in C:\xampp\htdocs\ativisoft_1_0\ativisoft_2_0\pages\md_caixa\movimento_financeiro.php on line 361
[14-May-2025 20:54:49 America/Sao_Paulo] PHP Warning:  Cannot modify header information - headers already sent by (output started at C:\xampp\htdocs\ativisoft_1_0\ativisoft_2_0\pages\samples\login.php:70) in C:\xampp\htdocs\ativisoft_1_0\ativisoft_2_0\classes\conn.php on line 14
[14-May-2025 20:54:57 America/Sao_Paulo] PHP Warning:  Undefined array key "vtotal_orcamento" in C:\xampp\htdocs\ativisoft_1_0\ativisoft_2_0\pages\md_caixa\movimento_financeiro.php on line 361
[14-May-2025 20:55:07 America/Sao_Paulo] PHP Warning:  Undefined variable $id_atividade in C:\xampp\htdocs\ativisoft_1_0\ativisoft_2_0\classes\functions.php on line 2469
[14-May-2025 20:55:07 America/Sao_Paulo] PHP Warning:  Undefined array key "vtotal_orcamento" in C:\xampp\htdocs\ativisoft_1_0\ativisoft_2_0\pages\md_caixa\movimento_financeiro.php on line 361
[14-May-2025 20:55:10 America/Sao_Paulo] PHP Warning:  Undefined variable $id_atividade in C:\xampp\htdocs\ativisoft_1_0\ativisoft_2_0\classes\functions.php on line 2469
[14-May-2025 20:55:10 America/Sao_Paulo] PHP Warning:  Undefined array key "vtotal_orcamento" in C:\xampp\htdocs\ativisoft_1_0\ativisoft_2_0\pages\md_caixa\movimento_financeiro.php on line 361
[14-May-2025 20:55:12 America/Sao_Paulo] PHP Warning:  Undefined variable $id_atividade in C:\xampp\htdocs\ativisoft_1_0\ativisoft_2_0\classes\functions.php on line 2469
[14-May-2025 20:55:12 America/Sao_Paulo] PHP Warning:  Undefined array key "vtotal_orcamento" in C:\xampp\htdocs\ativisoft_1_0\ativisoft_2_0\pages\md_caixa\movimento_financeiro.php on line 361
[14-May-2025 20:55:13 America/Sao_Paulo] PHP Warning:  Undefined variable $id_atividade in C:\xampp\htdocs\ativisoft_1_0\ativisoft_2_0\classes\functions.php on line 2469
[14-May-2025 20:55:13 America/Sao_Paulo] PHP Warning:  Undefined array key "vtotal_orcamento" in C:\xampp\htdocs\ativisoft_1_0\ativisoft_2_0\pages\md_caixa\movimento_financeiro.php on line 361
[14-May-2025 20:55:14 America/Sao_Paulo] PHP Warning:  Undefined variable $id_atividade in C:\xampp\htdocs\ativisoft_1_0\ativisoft_2_0\classes\functions.php on line 2469
[14-May-2025 20:55:14 America/Sao_Paulo] PHP Warning:  Undefined array key "vtotal_orcamento" in C:\xampp\htdocs\ativisoft_1_0\ativisoft_2_0\pages\md_caixa\movimento_financeiro.php on line 361
[14-May-2025 20:55:15 America/Sao_Paulo] PHP Warning:  Undefined variable $id_atividade in C:\xampp\htdocs\ativisoft_1_0\ativisoft_2_0\classes\functions.php on line 2469
[14-May-2025 20:55:15 America/Sao_Paulo] PHP Warning:  Undefined array key "vtotal_orcamento" in C:\xampp\htdocs\ativisoft_1_0\ativisoft_2_0\pages\md_caixa\movimento_financeiro.php on line 361
[14-May-2025 20:55:16 America/Sao_Paulo] PHP Warning:  Undefined variable $id_atividade in C:\xampp\htdocs\ativisoft_1_0\ativisoft_2_0\classes\functions.php on line 2469
[14-May-2025 20:55:16 America/Sao_Paulo] PHP Warning:  Undefined array key "vtotal_orcamento" in C:\xampp\htdocs\ativisoft_1_0\ativisoft_2_0\pages\md_caixa\movimento_financeiro.php on line 361
[14-May-2025 20:55:17 America/Sao_Paulo] PHP Warning:  Undefined variable $id_atividade in C:\xampp\htdocs\ativisoft_1_0\ativisoft_2_0\classes\functions.php on line 2469
[14-May-2025 20:55:17 America/Sao_Paulo] PHP Warning:  Undefined array key "vtotal_orcamento" in C:\xampp\htdocs\ativisoft_1_0\ativisoft_2_0\pages\md_caixa\movimento_financeiro.php on line 361
[15-May-2025 12:38:57 America/Sao_Paulo] PHP Warning:  Cannot modify header information - headers already sent by (output started at C:\xampp\htdocs\ativisoft_1_0\ativisoft_2_0\pages\samples\login.php:70) in C:\xampp\htdocs\ativisoft_1_0\ativisoft_2_0\classes\conn.php on line 14
[15-May-2025 12:39:06 America/Sao_Paulo] PHP Warning:  Undefined array key "vtotal_orcamento" in C:\xampp\htdocs\ativisoft_1_0\ativisoft_2_0\pages\md_caixa\movimento_financeiro.php on line 526
[15-May-2025 12:41:59 America/Sao_Paulo] PHP Warning:  Undefined array key "vtotal_orcamento" in C:\xampp\htdocs\ativisoft_1_0\ativisoft_2_0\pages\md_caixa\movimento_financeiro.php on line 526
[15-May-2025 12:42:52 America/Sao_Paulo] PHP Warning:  Undefined array key "vtotal_orcamento" in C:\xampp\htdocs\ativisoft_1_0\ativisoft_2_0\pages\md_caixa\movimento_financeiro.php on line 526
[15-May-2025 12:43:06 America/Sao_Paulo] PHP Warning:  Undefined array key "vtotal_orcamento" in C:\xampp\htdocs\ativisoft_1_0\ativisoft_2_0\pages\md_caixa\movimento_financeiro.php on line 526
[15-May-2025 12:44:18 America/Sao_Paulo] PHP Warning:  Undefined array key "vtotal_orcamento" in C:\xampp\htdocs\ativisoft_1_0\ativisoft_2_0\pages\md_caixa\movimento_financeiro.php on line 526
[15-May-2025 12:47:54 America/Sao_Paulo] PHP Warning:  Undefined array key "vtotal_orcamento" in C:\xampp\htdocs\ativisoft_1_0\ativisoft_2_0\pages\md_caixa\movimento_financeiro.php on line 526
[15-May-2025 12:47:59 America/Sao_Paulo] PHP Warning:  Undefined array key "vtotal_orcamento" in C:\xampp\htdocs\ativisoft_1_0\ativisoft_2_0\pages\md_caixa\movimento_financeiro.php on line 526
[15-May-2025 12:48:12 America/Sao_Paulo] PHP Warning:  Undefined array key "vtotal_orcamento" in C:\xampp\htdocs\ativisoft_1_0\ativisoft_2_0\pages\md_caixa\movimento_financeiro.php on line 526
[15-May-2025 12:48:51 America/Sao_Paulo] PHP Warning:  Undefined array key "vtotal_orcamento" in C:\xampp\htdocs\ativisoft_1_0\ativisoft_2_0\pages\md_caixa\movimento_financeiro.php on line 526
[15-May-2025 12:49:01 America/Sao_Paulo] PHP Warning:  Undefined array key "vtotal_orcamento" in C:\xampp\htdocs\ativisoft_1_0\ativisoft_2_0\pages\md_caixa\movimento_financeiro.php on line 526
[15-May-2025 12:49:06 America/Sao_Paulo] PHP Warning:  Undefined variable $inicio_atividade in C:\xampp\htdocs\ativisoft_1_0\ativisoft_2_0\pages\md_assistencia\consulta_servico.php on line 161
[15-May-2025 12:49:06 America/Sao_Paulo] PHP Warning:  Undefined variable $fim_atividade in C:\xampp\htdocs\ativisoft_1_0\ativisoft_2_0\pages\md_assistencia\consulta_servico.php on line 161
[15-May-2025 12:49:06 America/Sao_Paulo] PHP Warning:  Undefined array key "vtotal_orcamento" in C:\xampp\htdocs\ativisoft_1_0\ativisoft_2_0\pages\md_caixa\movimento_financeiro.php on line 526
[15-May-2025 12:49:58 America/Sao_Paulo] PHP Warning:  Undefined array key "vtotal_orcamento" in C:\xampp\htdocs\ativisoft_1_0\ativisoft_2_0\pages\md_caixa\movimento_financeiro.php on line 526
[15-May-2025 12:50:05 America/Sao_Paulo] PHP Warning:  Undefined variable $inicio_atividade in C:\xampp\htdocs\ativisoft_1_0\ativisoft_2_0\pages\md_assistencia\consulta_servico.php on line 161
[15-May-2025 12:50:05 America/Sao_Paulo] PHP Warning:  Undefined variable $fim_atividade in C:\xampp\htdocs\ativisoft_1_0\ativisoft_2_0\pages\md_assistencia\consulta_servico.php on line 161
[15-May-2025 12:50:05 America/Sao_Paulo] PHP Warning:  Undefined array key "vtotal_orcamento" in C:\xampp\htdocs\ativisoft_1_0\ativisoft_2_0\pages\md_caixa\movimento_financeiro.php on line 526
[15-May-2025 12:53:07 America/Sao_Paulo] PHP Warning:  Undefined array key "vtotal_orcamento" in C:\xampp\htdocs\ativisoft_1_0\ativisoft_2_0\pages\md_caixa\movimento_financeiro.php on line 526
[15-May-2025 12:53:18 America/Sao_Paulo] PHP Warning:  Undefined array key "vtotal_orcamento" in C:\xampp\htdocs\ativisoft_1_0\ativisoft_2_0\pages\md_caixa\movimento_financeiro.php on line 526
[15-May-2025 12:53:24 America/Sao_Paulo] PHP Warning:  Undefined variable $inicio_atividade in C:\xampp\htdocs\ativisoft_1_0\ativisoft_2_0\pages\md_assistencia\consulta_servico.php on line 161
[15-May-2025 12:53:24 America/Sao_Paulo] PHP Warning:  Undefined variable $fim_atividade in C:\xampp\htdocs\ativisoft_1_0\ativisoft_2_0\pages\md_assistencia\consulta_servico.php on line 161
[15-May-2025 12:53:24 America/Sao_Paulo] PHP Warning:  Undefined array key "vtotal_orcamento" in C:\xampp\htdocs\ativisoft_1_0\ativisoft_2_0\pages\md_caixa\movimento_financeiro.php on line 526
[15-May-2025 12:58:55 America/Sao_Paulo] PHP Warning:  Undefined array key "vtotal_orcamento" in C:\xampp\htdocs\ativisoft_1_0\ativisoft_2_0\pages\md_caixa\movimento_financeiro.php on line 526
[15-May-2025 12:59:03 America/Sao_Paulo] PHP Warning:  Undefined array key "vtotal_orcamento" in C:\xampp\htdocs\ativisoft_1_0\ativisoft_2_0\pages\md_caixa\movimento_financeiro.php on line 526
[15-May-2025 12:59:13 America/Sao_Paulo] PHP Warning:  Undefined array key "vtotal_orcamento" in C:\xampp\htdocs\ativisoft_1_0\ativisoft_2_0\pages\md_caixa\movimento_financeiro.php on line 526
[15-May-2025 12:59:27 America/Sao_Paulo] PHP Warning:  Undefined variable $id_atividade in C:\xampp\htdocs\ativisoft_1_0\ativisoft_2_0\classes\functions.php on line 2466
[15-May-2025 12:59:27 America/Sao_Paulo] PHP Warning:  Undefined array key "vtotal_orcamento" in C:\xampp\htdocs\ativisoft_1_0\ativisoft_2_0\pages\md_caixa\movimento_financeiro.php on line 526
[15-May-2025 12:59:31 America/Sao_Paulo] PHP Warning:  Undefined variable $id_atividade in C:\xampp\htdocs\ativisoft_1_0\ativisoft_2_0\classes\functions.php on line 2466
[15-May-2025 12:59:31 America/Sao_Paulo] PHP Warning:  Undefined array key "vtotal_orcamento" in C:\xampp\htdocs\ativisoft_1_0\ativisoft_2_0\pages\md_caixa\movimento_financeiro.php on line 526
[15-May-2025 12:59:33 America/Sao_Paulo] PHP Warning:  Undefined variable $id_atividade in C:\xampp\htdocs\ativisoft_1_0\ativisoft_2_0\classes\functions.php on line 2466
[15-May-2025 12:59:33 America/Sao_Paulo] PHP Warning:  Undefined array key "vtotal_orcamento" in C:\xampp\htdocs\ativisoft_1_0\ativisoft_2_0\pages\md_caixa\movimento_financeiro.php on line 526
[15-May-2025 12:59:34 America/Sao_Paulo] PHP Warning:  Undefined variable $id_atividade in C:\xampp\htdocs\ativisoft_1_0\ativisoft_2_0\classes\functions.php on line 2466
[15-May-2025 12:59:34 America/Sao_Paulo] PHP Warning:  Undefined array key "vtotal_orcamento" in C:\xampp\htdocs\ativisoft_1_0\ativisoft_2_0\pages\md_caixa\movimento_financeiro.php on line 526
[15-May-2025 12:59:35 America/Sao_Paulo] PHP Warning:  Undefined variable $id_atividade in C:\xampp\htdocs\ativisoft_1_0\ativisoft_2_0\classes\functions.php on line 2466
[15-May-2025 12:59:35 America/Sao_Paulo] PHP Warning:  Undefined array key "vtotal_orcamento" in C:\xampp\htdocs\ativisoft_1_0\ativisoft_2_0\pages\md_caixa\movimento_financeiro.php on line 526
[15-May-2025 13:01:39 America/Sao_Paulo] PHP Warning:  Undefined array key "vtotal_orcamento" in C:\xampp\htdocs\ativisoft_1_0\ativisoft_2_0\pages\md_caixa\movimento_financeiro.php on line 526
[15-May-2025 13:01:50 America/Sao_Paulo] PHP Warning:  Undefined array key "vtotal_orcamento" in C:\xampp\htdocs\ativisoft_1_0\ativisoft_2_0\pages\md_caixa\movimento_financeiro.php on line 526
[15-May-2025 13:02:01 America/Sao_Paulo] PHP Warning:  Undefined array key "vtotal_orcamento" in C:\xampp\htdocs\ativisoft_1_0\ativisoft_2_0\pages\md_caixa\movimento_financeiro.php on line 526
[15-May-2025 13:02:33 America/Sao_Paulo] PHP Warning:  Undefined variable $id_atividade in C:\xampp\htdocs\ativisoft_1_0\ativisoft_2_0\classes\functions.php on line 2471
[15-May-2025 13:02:33 America/Sao_Paulo] PHP Warning:  Undefined array key "vtotal_orcamento" in C:\xampp\htdocs\ativisoft_1_0\ativisoft_2_0\pages\md_caixa\movimento_financeiro.php on line 526
[15-May-2025 13:02:35 America/Sao_Paulo] PHP Warning:  Undefined array key "vtotal_orcamento" in C:\xampp\htdocs\ativisoft_1_0\ativisoft_2_0\pages\md_caixa\movimento_financeiro.php on line 526
[15-May-2025 13:15:51 America/Sao_Paulo] PHP Warning:  Undefined property: Usuario::$ in C:\xampp\htdocs\ativisoft_1_0\ativisoft_2_0\pages\samples\lock-screen.php on line 79
[15-May-2025 13:15:52 America/Sao_Paulo] PHP Warning:  Cannot modify header information - headers already sent by (output started at C:\xampp\htdocs\ativisoft_1_0\ativisoft_2_0\pages\samples\login.php:70) in C:\xampp\htdocs\ativisoft_1_0\ativisoft_2_0\classes\conn.php on line 14
[15-May-2025 13:16:01 America/Sao_Paulo] PHP Warning:  Undefined array key "vtotal_orcamento" in C:\xampp\htdocs\ativisoft_1_0\ativisoft_2_0\pages\md_caixa\movimento_financeiro.php on line 526
[15-May-2025 13:16:57 America/Sao_Paulo] PHP Warning:  Undefined array key "vtotal_orcamento" in C:\xampp\htdocs\ativisoft_1_0\ativisoft_2_0\pages\md_caixa\movimento_financeiro.php on line 526
[15-May-2025 13:17:12 America/Sao_Paulo] PHP Warning:  Trying to access array offset on value of type null in C:\xampp\htdocs\ativisoft_1_0\ativisoft_2_0\pages\md_assistencia\cadastro_servico.php on line 781
[15-May-2025 13:20:19 America/Sao_Paulo] PHP Warning:  Trying to access array offset on value of type null in C:\xampp\htdocs\ativisoft_1_0\ativisoft_2_0\pages\md_assistencia\cadastro_servico.php on line 781
[15-May-2025 13:20:33 America/Sao_Paulo] PHP Warning:  Trying to access array offset on value of type null in C:\xampp\htdocs\ativisoft_1_0\ativisoft_2_0\pages\md_assistencia\cadastro_servico.php on line 781
[15-May-2025 13:26:11 America/Sao_Paulo] PHP Warning:  Undefined variable $id_atividade in C:\xampp\htdocs\ativisoft_1_0\ativisoft_2_0\classes\functions.php on line 2472
[15-May-2025 13:26:27 America/Sao_Paulo] PHP Notice:  ob_end_clean(): Failed to delete buffer. No buffer to delete in C:\xampp\htdocs\ativisoft_1_0\ativisoft_2_0\pages\md_assistencia\a4.php on line 412
[15-May-2025 14:21:56 America/Sao_Paulo] PHP Warning:  Undefined property: Usuario::$ in C:\xampp\htdocs\ativisoft_1_0\ativisoft_2_0\pages\samples\lock-screen.php on line 79
[15-May-2025 14:21:57 America/Sao_Paulo] PHP Warning:  Cannot modify header information - headers already sent by (output started at C:\xampp\htdocs\ativisoft_1_0\ativisoft_2_0\pages\samples\login.php:70) in C:\xampp\htdocs\ativisoft_1_0\ativisoft_2_0\classes\conn.php on line 14
[15-May-2025 14:26:58 America/Sao_Paulo] PHP Notice:  ob_end_clean(): Failed to delete buffer. No buffer to delete in C:\xampp\htdocs\ativisoft_1_0\ativisoft_2_0\pages\md_assistencia\a4.php on line 412
[15-May-2025 14:28:32 America/Sao_Paulo] PHP Deprecated:  strtotime(): Passing null to parameter #1 ($datetime) of type string is deprecated in C:\xampp\htdocs\ativisoft_1_0\ativisoft_2_0\pages\md_assistencia\fpdf\fpdf.php on line 2437
[15-May-2025 14:28:32 America/Sao_Paulo] PHP Fatal error:  Uncaught Exception: FPDF error: Some data has already been output, can't send PDF file in C:\xampp\htdocs\ativisoft_1_0\ativisoft_2_0\pages\md_assistencia\fpdf\fpdf.php:271
Stack trace:
#0 C:\xampp\htdocs\ativisoft_1_0\ativisoft_2_0\pages\md_assistencia\fpdf\fpdf.php(1062): FPDF->Error('Some data has a...')
#1 C:\xampp\htdocs\ativisoft_1_0\ativisoft_2_0\pages\md_assistencia\fpdf\fpdf.php(1008): FPDF->_checkoutput()
#2 C:\xampp\htdocs\ativisoft_1_0\ativisoft_2_0\pages\md_assistencia\a4.php(396): FPDF->Output('I', 'HISTORICO_OS_34...')
#3 {main}
  thrown in C:\xampp\htdocs\ativisoft_1_0\ativisoft_2_0\pages\md_assistencia\fpdf\fpdf.php on line 271
[15-May-2025 14:28:42 America/Sao_Paulo] PHP Deprecated:  strtotime(): Passing null to parameter #1 ($datetime) of type string is deprecated in C:\xampp\htdocs\ativisoft_1_0\ativisoft_2_0\pages\md_assistencia\fpdf\fpdf.php on line 2437
[15-May-2025 14:28:42 America/Sao_Paulo] PHP Fatal error:  Uncaught Exception: FPDF error: Some data has already been output, can't send PDF file in C:\xampp\htdocs\ativisoft_1_0\ativisoft_2_0\pages\md_assistencia\fpdf\fpdf.php:271
Stack trace:
#0 C:\xampp\htdocs\ativisoft_1_0\ativisoft_2_0\pages\md_assistencia\fpdf\fpdf.php(1062): FPDF->Error('Some data has a...')
#1 C:\xampp\htdocs\ativisoft_1_0\ativisoft_2_0\pages\md_assistencia\fpdf\fpdf.php(1008): FPDF->_checkoutput()
#2 C:\xampp\htdocs\ativisoft_1_0\ativisoft_2_0\pages\md_assistencia\a4.php(396): FPDF->Output('I', 'HISTORICO_OS_34...')
#3 {main}
  thrown in C:\xampp\htdocs\ativisoft_1_0\ativisoft_2_0\pages\md_assistencia\fpdf\fpdf.php on line 271
[15-May-2025 14:32:49 America/Sao_Paulo] PHP Deprecated:  strtotime(): Passing null to parameter #1 ($datetime) of type string is deprecated in C:\xampp\htdocs\ativisoft_1_0\ativisoft_2_0\pages\md_assistencia\fpdf\fpdf.php on line 2444
[15-May-2025 14:32:49 America/Sao_Paulo] PHP Fatal error:  Uncaught Exception: FPDF error: Some data has already been output, can't send PDF file in C:\xampp\htdocs\ativisoft_1_0\ativisoft_2_0\pages\md_assistencia\fpdf\fpdf.php:271
Stack trace:
#0 C:\xampp\htdocs\ativisoft_1_0\ativisoft_2_0\pages\md_assistencia\fpdf\fpdf.php(1062): FPDF->Error('Some data has a...')
#1 C:\xampp\htdocs\ativisoft_1_0\ativisoft_2_0\pages\md_assistencia\fpdf\fpdf.php(1008): FPDF->_checkoutput()
#2 C:\xampp\htdocs\ativisoft_1_0\ativisoft_2_0\pages\md_assistencia\a4.php(396): FPDF->Output('I', 'HISTORICO_OS_34...')
#3 {main}
  thrown in C:\xampp\htdocs\ativisoft_1_0\ativisoft_2_0\pages\md_assistencia\fpdf\fpdf.php on line 271
[15-May-2025 14:33:07 America/Sao_Paulo] PHP Notice:  ob_end_clean(): Failed to delete buffer. No buffer to delete in C:\xampp\htdocs\ativisoft_1_0\ativisoft_2_0\pages\md_assistencia\a4.php on line 412
[15-May-2025 14:33:35 America/Sao_Paulo] PHP Notice:  ob_end_clean(): Failed to delete buffer. No buffer to delete in C:\xampp\htdocs\ativisoft_1_0\ativisoft_2_0\pages\md_assistencia\a4.php on line 412
[15-May-2025 14:34:21 America/Sao_Paulo] PHP Notice:  ob_end_clean(): Failed to delete buffer. No buffer to delete in C:\xampp\htdocs\ativisoft_1_0\ativisoft_2_0\pages\md_assistencia\a4.php on line 412
[15-May-2025 14:36:17 America/Sao_Paulo] PHP Fatal error:  Uncaught Exception: FPDF error: Some data has already been output, can't send PDF file (output started at C:\xampp\htdocs\ativisoft_1_0\ativisoft_2_0\classes\functions.php:2507) in C:\xampp\htdocs\ativisoft_1_0\ativisoft_2_0\pages\md_assistencia\fpdf\fpdf.php:271
Stack trace:
#0 C:\xampp\htdocs\ativisoft_1_0\ativisoft_2_0\pages\md_assistencia\fpdf\fpdf.php(1051): FPDF->Error('Some data has a...')
#1 C:\xampp\htdocs\ativisoft_1_0\ativisoft_2_0\pages\md_assistencia\fpdf\fpdf.php(1008): FPDF->_checkoutput()
#2 C:\xampp\htdocs\ativisoft_1_0\ativisoft_2_0\pages\md_assistencia\a4.php(82): FPDF->Output('I', 'OS_34.pdf')
#3 {main}
  thrown in C:\xampp\htdocs\ativisoft_1_0\ativisoft_2_0\pages\md_assistencia\fpdf\fpdf.php on line 271
[15-May-2025 14:36:38 America/Sao_Paulo] PHP Notice:  ob_end_clean(): Failed to delete buffer. No buffer to delete in C:\xampp\htdocs\ativisoft_1_0\ativisoft_2_0\pages\md_assistencia\a4.php on line 412
[15-May-2025 14:37:18 America/Sao_Paulo] PHP Fatal error:  Uncaught Exception: FPDF error: Some data has already been output, can't send PDF file (output started at C:\xampp\htdocs\ativisoft_1_0\ativisoft_2_0\classes\functions.php:2507) in C:\xampp\htdocs\ativisoft_1_0\ativisoft_2_0\pages\md_assistencia\fpdf\fpdf.php:271
Stack trace:
#0 C:\xampp\htdocs\ativisoft_1_0\ativisoft_2_0\pages\md_assistencia\fpdf\fpdf.php(1051): FPDF->Error('Some data has a...')
#1 C:\xampp\htdocs\ativisoft_1_0\ativisoft_2_0\pages\md_assistencia\fpdf\fpdf.php(1008): FPDF->_checkoutput()
#2 C:\xampp\htdocs\ativisoft_1_0\ativisoft_2_0\pages\md_assistencia\a4.php(83): FPDF->Output('I', 'OS_34.pdf')
#3 {main}
  thrown in C:\xampp\htdocs\ativisoft_1_0\ativisoft_2_0\pages\md_assistencia\fpdf\fpdf.php on line 271
[15-May-2025 14:38:46 America/Sao_Paulo] PHP Notice:  ob_end_clean(): Failed to delete buffer. No buffer to delete in C:\xampp\htdocs\ativisoft_1_0\ativisoft_2_0\pages\md_assistencia\a4.php on line 412
[15-May-2025 14:47:55 America/Sao_Paulo] PHP Deprecated:  strtotime(): Passing null to parameter #1 ($datetime) of type string is deprecated in C:\xampp\htdocs\ativisoft_1_0\ativisoft_2_0\pages\md_assistencia\fpdf\fpdf.php on line 2343
[15-May-2025 14:47:55 America/Sao_Paulo] PHP Fatal error:  Uncaught Exception: FPDF error: Some data has already been output, can't send PDF file in C:\xampp\htdocs\ativisoft_1_0\ativisoft_2_0\pages\md_assistencia\fpdf\fpdf.php:271
Stack trace:
#0 C:\xampp\htdocs\ativisoft_1_0\ativisoft_2_0\pages\md_assistencia\fpdf\fpdf.php(1062): FPDF->Error('Some data has a...')
#1 C:\xampp\htdocs\ativisoft_1_0\ativisoft_2_0\pages\md_assistencia\fpdf\fpdf.php(1008): FPDF->_checkoutput()
#2 C:\xampp\htdocs\ativisoft_1_0\ativisoft_2_0\pages\md_assistencia\termica1.php(378): FPDF->Output('I', 'HISTORICO_OS_34...')
#3 {main}
  thrown in C:\xampp\htdocs\ativisoft_1_0\ativisoft_2_0\pages\md_assistencia\fpdf\fpdf.php on line 271
